<?xml version="1.0" encoding="UTF-8"?>
<testsuite name="tk.zytekaron.jvar.DotEnvTest" tests="1" skipped="0" failures="0" errors="0" timestamp="2020-04-13T08:03:58" hostname="Zytekaron-PC" time="0.007">
  <properties/>
  <testcase name="testDefault" classname="tk.zytekaron.jvar.DotEnvTest" time="0.007"/>
  <system-out><![CDATA[]]></system-out>
  <system-err><![CDATA[]]></system-err>
</testsuite>
